#
# There is insufficient memory for the Java Runtime Environment to continue.
# Native memory allocation (malloc) failed to allocate 32744 bytes for ChunkPool::allocate
# Possible reasons:
#   The system is out of physical RAM or swap space
#   In 32 bit mode, the process size limit was hit
# Possible solutions:
#   Reduce memory load on the system
#   Increase physical memory or swap space
#   Check if swap backing store is full
#   Use 64 bit Java on a 64 bit OS
#   Decrease Java heap size (-Xmx/-Xms)
#   Decrease number of Java threads
#   Decrease Java thread stack sizes (-Xss)
#   Set larger code cache with -XX:ReservedCodeCacheSize=
# This output file may be truncated or incomplete.
#
#  Out of Memory Error (allocation.cpp:273), pid=15820, tid=112
#
# JRE version: Java(TM) SE Runtime Environment (8.0_31-b13) (build 1.8.0_31-b13)
# Java VM: Java HotSpot(TM) 64-Bit Server VM (25.31-b07 mixed mode windows-amd64 compressed oops)
# Failed to write core dump. Minidumps are not enabled by default on client versions of Windows
#

---------------  T H R E A D  ---------------

Current thread (0x0000000000b3d800):  JavaThread "main" [_thread_in_vm, id=112, stack(0x0000000002680000,0x0000000002780000)]

Stack: [0x0000000002680000,0x0000000002780000]
Native frames: (J=compiled Java code, j=interpreted, Vv=VM code, C=native code)
V  [jvm.dll+0x3169ba]

Java frames: (J=compiled Java code, j=interpreted, Vv=VM code)
j  java.lang.ClassLoader.findLoadedClass0(Ljava/lang/String;)Ljava/lang/Class;+0
j  java.lang.ClassLoader.findLoadedClass(Ljava/lang/String;)Ljava/lang/Class;+12
j  java.lang.ClassLoader.loadClass(Ljava/lang/String;Z)Ljava/lang/Class;+10
j  sun.misc.Launcher$AppClassLoader.loadClass(Ljava/lang/String;Z)Ljava/lang/Class;+36
j  java.lang.ClassLoader.loadClass(Ljava/lang/String;)Ljava/lang/Class;+3
v  ~StubRoutines::call_stub
j  java.lang.ClassLoader.defineClass1(Ljava/lang/String;[BIILjava/security/ProtectionDomain;Ljava/lang/String;)Ljava/lang/Class;+0
j  java.lang.ClassLoader.defineClass(Ljava/lang/String;[BIILjava/security/ProtectionDomain;)Ljava/lang/Class;+27
j  java.security.SecureClassLoader.defineClass(Ljava/lang/String;[BIILjava/security/CodeSource;)Ljava/lang/Class;+12
j  java.net.URLClassLoader.defineClass(Ljava/lang/String;Lsun/misc/Resource;)Ljava/lang/Class;+220
j  java.net.URLClassLoader.access$100(Ljava/net/URLClassLoader;Ljava/lang/String;Lsun/misc/Resource;)Ljava/lang/Class;+3
j  java.net.URLClassLoader$1.run()Ljava/lang/Class;+43
j  java.net.URLClassLoader$1.run()Ljava/lang/Object;+1
v  ~StubRoutines::call_stub
j  java.security.AccessController.doPrivileged(Ljava/security/PrivilegedExceptionAction;Ljava/security/AccessControlContext;)Ljava/lang/Object;+0
j  java.net.URLClassLoader.findClass(Ljava/lang/String;)Ljava/lang/Class;+13
j  java.lang.ClassLoader.loadClass(Ljava/lang/String;Z)Ljava/lang/Class;+70
j  sun.misc.Launcher$AppClassLoader.loadClass(Ljava/lang/String;Z)Ljava/lang/Class;+36
j  java.lang.ClassLoader.loadClass(Ljava/lang/String;)Ljava/lang/Class;+3
v  ~StubRoutines::call_stub
j  java.lang.Class.getDeclaredMethods0(Z)[Ljava/lang/reflect/Method;+0
j  java.lang.Class.privateGetDeclaredMethods(Z)[Ljava/lang/reflect/Method;+37
j  java.lang.Class.privateGetMethodRecursive(Ljava/lang/String;[Ljava/lang/Class;ZLjava/lang/Class$MethodArray;)Ljava/lang/reflect/Method;+2
j  java.lang.Class.getMethod0(Ljava/lang/String;[Ljava/lang/Class;Z)Ljava/lang/reflect/Method;+16
j  java.lang.Class.getMethod(Ljava/lang/String;[Ljava/lang/Class;)Ljava/lang/reflect/Method;+13
j  sun.launcher.LauncherHelper.validateMainClass(Ljava/lang/Class;)V+12
j  sun.launcher.LauncherHelper.checkAndLoadMain(ZILjava/lang/String;)Ljava/lang/Class;+214
v  ~StubRoutines::call_stub

---------------  P R O C E S S  ---------------

Java Threads: ( => current thread )
  0x0000000016721800 JavaThread "Service Thread" daemon [_thread_blocked, id=876, stack(0x0000000016cd0000,0x0000000016dd0000)]
  0x000000001671f000 JavaThread "C1 CompilerThread2" daemon [_thread_blocked, id=10440, stack(0x0000000016bd0000,0x0000000016cd0000)]
  0x0000000016702000 JavaThread "C2 CompilerThread1" daemon [_thread_blocked, id=13076, stack(0x0000000016ad0000,0x0000000016bd0000)]
  0x00000000150a9000 JavaThread "C2 CompilerThread0" daemon [_thread_blocked, id=5416, stack(0x00000000165d0000,0x00000000166d0000)]
  0x00000000150a8800 JavaThread "Attach Listener" daemon [_thread_blocked, id=4176, stack(0x00000000164d0000,0x00000000165d0000)]
  0x000000001505d800 JavaThread "Signal Dispatcher" daemon [_thread_blocked, id=7612, stack(0x00000000163d0000,0x00000000164d0000)]
  0x000000000296f000 JavaThread "Finalizer" daemon [_thread_blocked, id=2396, stack(0x00000000162d0000,0x00000000163d0000)]
  0x000000000296c000 JavaThread "Reference Handler" daemon [_thread_blocked, id=16276, stack(0x00000000161d0000,0x00000000162d0000)]
=>0x0000000000b3d800 JavaThread "main" [_thread_in_vm, id=112, stack(0x0000000002680000,0x0000000002780000)]

Other Threads:
  0x0000000015016800 VMThread [stack: 0x00000000160d0000,0x00000000161d0000] [id=16200]
  0x000000001672c000 WatcherThread [stack: 0x0000000016dd0000,0x0000000016ed0000] [id=9760]

VM state:not at safepoint (normal execution)

VM Mutex/Monitor currently owned by a thread: None

Heap:
 PSYoungGen      total 38400K, used 2662K [0x00000000eab00000, 0x00000000ed580000, 0x0000000100000000)
  eden space 33280K, 8% used [0x00000000eab00000,0x00000000ead99ad8,0x00000000ecb80000)
  from space 5120K, 0% used [0x00000000ed080000,0x00000000ed080000,0x00000000ed580000)
  to   space 5120K, 0% used [0x00000000ecb80000,0x00000000ecb80000,0x00000000ed080000)
 ParOldGen       total 87552K, used 0K [0x00000000c0000000, 0x00000000c5580000, 0x00000000eab00000)
  object space 87552K, 0% used [0x00000000c0000000,0x00000000c0000000,0x00000000c5580000)
 Metaspace       used 2919K, capacity 4486K, committed 4864K, reserved 1060864K
  class space    used 312K, capacity 386K, committed 512K, reserved 1048576K

Card table byte_map: [0x0000000011d40000,0x0000000011f50000] byte_map_base: 0x0000000011740000

Marking Bits: (ParMarkBitMap*) 0x000000006f73d4f0
 Begin Bits: [0x00000000124b0000, 0x00000000134b0000)
 End Bits:   [0x00000000134b0000, 0x00000000144b0000)

Polling page: 0x0000000000b40000

CodeCache: size=245760Kb used=1114Kb max_used=1114Kb free=244645Kb
 bounds [0x0000000002980000, 0x0000000002bf0000, 0x0000000011980000]
 total_blobs=265 nmethods=24 adapters=156
 compilation: enabled

Compilation events (10 events):
Event: 3.089 Thread 0x00000000150a9000 nmethod 3 0x00000000029eded0 code [0x00000000029ee000, 0x00000000029ee0b8]
Event: 3.146 Thread 0x00000000150a9000    9       4       java.lang.String::length (6 bytes)
Event: 3.147 Thread 0x00000000150a9000 nmethod 9 0x00000000029ed490 code [0x00000000029ed5c0, 0x00000000029ed638]
Event: 3.162 Thread 0x00000000150a9000   23       4       sun.misc.ASCIICaseInsensitiveComparator::toLower (16 bytes)
Event: 3.162 Thread 0x00000000150a9000 nmethod 23 0x00000000029f8550 code [0x00000000029f8680, 0x00000000029f86d8]
Event: 3.162 Thread 0x00000000150a9000   24       4       sun.misc.ASCIICaseInsensitiveComparator::isUpper (18 bytes)
Event: 3.162 Thread 0x00000000150a9000 nmethod 24 0x00000000029f8350 code [0x00000000029f8480, 0x00000000029f84d8]
Event: 3.189 Thread 0x000000001671f000    1       3       java.lang.String::hashCode (55 bytes)
Event: 3.189 Thread 0x000000001671f000 nmethod 1 0x0000000002a8ba50 code [0x0000000002a8bbc0, 0x0000000002a8be50]
Event: 3.189 Thread 0x000000001671f000   20       3       java.io.DataInputStream::readUTF (501 bytes)

GC Heap History (0 events):
No events

Deoptimization events (0 events):
No events

Internal exceptions (4 events):
Event: 2.705 Thread 0x0000000000b3d800 Exception <a 'java/lang/NoSuchMethodError': Method sun.misc.Unsafe.defineClass(Ljava/lang/String;[BII)Ljava/lang/Class; name or signature does not match> (0x00000000eab121c8) thrown at [C:\workspace\8-2-build-windows-amd64-cygwin\jdk8u31\2394\hotspot\src\s³Ü5·£@
Event: 2.705 Thread 0x0000000000b3d800 Exception <a 'java/lang/NoSuchMethodError': Method sun.misc.Unsafe.prefetchRead(Ljava/lang/Object;J)V name or signature does not match> (0x00000000eab12458) thrown at [C:\workspace\8-2-build-windows-amd64-cygwin\jdk8u31\2394\hotspot\src\share\vm\prims\jni.Ó„/	@
Event: 3.148 Thread 0x0000000000b3d800 Exception <a 'java/security/PrivilegedActionException'> (0x00000000eac4ea98) thrown at [C:\workspace\8-2-build-windows-amd64-cygwin\jdk8u31\2394\hotspot\src\share\vm\prims\jvm.cpp, line 1312]
Event: 3.190 Thread 0x0000000000b3d800 Exception <a 'java/security/PrivilegedActionException'> (0x00000000eac8e518) thrown at [C:\workspace\8-2-build-windows-amd64-cygwin\jdk8u31\2394\hotspot\src\share\vm\prims\jvm.cpp, line 1312]

Events (10 events):
Event: 3.163 loading class java/security/BasicPermissionCollection
Event: 3.163 loading class java/security/BasicPermissionCollection done
Event: 3.164 Executing VM operation: CollectForMetadataAllocation
Event: 3.189 Executing VM operation: CollectForMetadataAllocation done
Event: 3.189 loading class sun/launcher/LauncherHelper$FXHelper
Event: 3.189 loading class sun/launcher/LauncherHelper$FXHelper done
Event: 3.189 loading class java/lang/Class$MethodArray
Event: 3.189 loading class java/lang/Class$MethodArray done
Event: 3.190 loading class com/android/dx/command/UsageException
Event: 3.190 loading class com/android/dx/command/UsageException done


Dynamic libraries:
0x00007ff6acd40000 - 0x00007ff6acd74000 	G:\Program Files\Java\jdk1.8.0_31\bin\java.exe
0x00007fffe1460000 - 0x00007fffe1631000 	C:\WINDOWS\SYSTEM32\ntdll.dll
0x00007fffe0b30000 - 0x00007fffe0bdb000 	C:\WINDOWS\System32\KERNEL32.DLL
0x00007fffdddf0000 - 0x00007fffde00d000 	C:\WINDOWS\System32\KERNELBASE.dll
0x00007fffe08f0000 - 0x00007fffe0992000 	C:\WINDOWS\System32\ADVAPI32.dll
0x00007fffde9f0000 - 0x00007fffdea8e000 	C:\WINDOWS\System32\msvcrt.dll
0x00007fffe0d60000 - 0x00007fffe0db9000 	C:\WINDOWS\System32\sechost.dll
0x00007fffdffa0000 - 0x00007fffe00c1000 	C:\WINDOWS\System32\RPCRT4.dll
0x00007fffe0bf0000 - 0x00007fffe0d55000 	C:\WINDOWS\System32\USER32.dll
0x00007fffde9d0000 - 0x00007fffde9ee000 	C:\WINDOWS\System32\win32u.dll
0x00007fffe0100000 - 0x00007fffe0134000 	C:\WINDOWS\System32\GDI32.dll
0x00007fffdd9a0000 - 0x00007fffddb22000 	C:\WINDOWS\System32\gdi32full.dll
0x00007fffd6ea0000 - 0x00007fffd7119000 	C:\WINDOWS\WinSxS\amd64_microsoft.windows.common-controls_6595b64144ccf1df_6.0.14393.447_none_42191651c6827bb3\COMCTL32.dll
0x00007fffe0550000 - 0x00007fffe0817000 	C:\WINDOWS\System32\combase.dll
0x00007fffddcf0000 - 0x00007fffddde5000 	C:\WINDOWS\System32\ucrtbase.dll
0x00007fffddb30000 - 0x00007fffddb9a000 	C:\WINDOWS\System32\bcryptPrimitives.dll
0x00007fffe00d0000 - 0x00007fffe00fe000 	C:\WINDOWS\System32\IMM32.DLL
0x000000006ee80000 - 0x000000006ef52000 	G:\Program Files\Java\jdk1.8.0_31\jre\bin\msvcr100.dll
0x000000006ef60000 - 0x000000006f7ba000 	G:\Program Files\Java\jdk1.8.0_31\jre\bin\server\jvm.dll
0x00007fffe12f0000 - 0x00007fffe12f8000 	C:\WINDOWS\System32\PSAPI.DLL
0x00007fffd7fb0000 - 0x00007fffd7fb9000 	C:\WINDOWS\SYSTEM32\WSOCK32.dll
0x00007fffe0820000 - 0x00007fffe088a000 	C:\WINDOWS\System32\WS2_32.dll
0x00007fffdb8a0000 - 0x00007fffdb8c3000 	C:\WINDOWS\SYSTEM32\WINMM.dll
0x00007fffdb870000 - 0x00007fffdb89b000 	C:\WINDOWS\SYSTEM32\WINMMBASE.dll
0x00007fffdd950000 - 0x00007fffdd992000 	C:\WINDOWS\System32\cfgmgr32.dll
0x000000006ee70000 - 0x000000006ee7f000 	G:\Program Files\Java\jdk1.8.0_31\jre\bin\verify.dll
0x000000006ee40000 - 0x000000006ee68000 	G:\Program Files\Java\jdk1.8.0_31\jre\bin\java.dll
0x000000006ee20000 - 0x000000006ee36000 	G:\Program Files\Java\jdk1.8.0_31\jre\bin\zip.dll
0x00007fffdea90000 - 0x00007fffdff99000 	C:\WINDOWS\System32\SHELL32.dll
0x00007fffde2f0000 - 0x00007fffde9ca000 	C:\WINDOWS\System32\windows.storage.dll
0x00007fffdd8c0000 - 0x00007fffdd90c000 	C:\WINDOWS\System32\powrprof.dll
0x00007fffe0390000 - 0x00007fffe03e2000 	C:\WINDOWS\System32\shlwapi.dll
0x00007fffdd910000 - 0x00007fffdd91f000 	C:\WINDOWS\System32\kernel.appcore.dll
0x00007fffde070000 - 0x00007fffde119000 	C:\WINDOWS\System32\shcore.dll
0x00007fffdd920000 - 0x00007fffdd934000 	C:\WINDOWS\System32\profapi.dll

VM Arguments:
jvm_args: -Djava.awt.headless=true -Xmx1024M -Dfile.encoding=GBK -Duser.country=CN -Duser.language=zh -Duser.variant 
java_command: com.android.dx.command.Main --dex --force-jumbo --num-threads=4 --multi-dex --output G:\github-projects\MyApplication\app\build\intermediates\transforms\dex\debug\folders\1000\5\slice_6 G:\github-projects\MyApplication\app\build\intermediates\transforms\instantRunSlicer\debug\folders\1\5\slice_6
java_class_path (initial): G:\android-sdk_r24.4.1-windows\android-sdk-windows\build-tools\24.0.2\lib\dx.jar
Launcher Type: SUN_STANDARD

Environment Variables:
CLASSPATH=.;%JAVA_HOME%\lib;%JAVA_HOME%\lib\tools.jar
PATH=C:\ProgramData\Oracle\Java\javapath;C:\WINDOWS\system32;C:\WINDOWS;C:\WINDOWS\System32\Wbem;C:\WINDOWS\System32\WindowsPowerShell\v1.0\;%JAVA_HOME%\bin;%JAVA_HOME%\jre\bin;G:\android-sdk_r24.4.1-windows\android-sdk-windows\platform-tools;G:\android-sdk_r24.4.1-windows\android-sdk-windows\tools;C:\Program Files\nodejs;C:\Users\Administrator\AppData\Roaming\npm;G:\Program Files\Git\cmd;G:\Program Files\Android\Android Studio\gradle\gradle-2.10;C:\Users\Administrator\AppData\Local\Microsoft\WindowsApps;
USERNAME=Administrator
OS=Windows_NT
PROCESSOR_IDENTIFIER=Intel64 Family 6 Model 94 Stepping 3, GenuineIntel



---------------  S Y S T E M  ---------------

OS: Windows 8.1 , 64 bit Build 9600 

CPU:total 4 (4 cores per cpu, 1 threads per core) family 6 model 94 stepping 3, cmov, cx8, fxsr, mmx, sse, sse2, sse3, ssse3, sse4.1, sse4.2, popcnt, avx, avx2, aes, clmul, erms, rtm, lzcnt, tsc, tscinvbit, bmi1, bmi2

Memory: 4k page, physical 8350816k(362624k free), swap 15076420k(2144k free)

vm_info: Java HotSpot(TM) 64-Bit Server VM (25.31-b07) for windows-amd64 JRE (1.8.0_31-b13), built on Dec 17 2014 21:00:28 by "java_re" with MS VC++ 10.0 (VS2010)

time: Thu Nov 17 22:12:23 2016
elapsed time: 3 seconds (0d 0h 0m 3s)

